<?xml version="1.0" encoding="UTF-8"?>
<testng-results skipped="0" failed="0" total="2" passed="2">
  <reporter-output>
  </reporter-output>
  <suite name="RebtelTestSuite" duration-ms="101503" started-at="2018-10-20T14:51:38Z" finished-at="2018-10-20T14:53:19Z">
    <groups>
      <group name="Sanity">
        <method signature="MobileTest.testRebtelAssignment(java.lang.String, java.lang.String, java.lang.String, java.lang.String)[pri:0, instance:com.rebtel.test.MobileTest@743d1932]" name="testRebtelAssignment" class="com.rebtel.test.MobileTest"/>
      </group> <!-- Sanity -->
      <group name="Regression">
        <method signature="MobileTest.testRebtelAssignment(java.lang.String, java.lang.String, java.lang.String, java.lang.String)[pri:0, instance:com.rebtel.test.MobileTest@743d1932]" name="testRebtelAssignment" class="com.rebtel.test.MobileTest"/>
      </group> <!-- Regression -->
      <group name="Smoke">
        <method signature="MobileTest.testRebtelAssignment(java.lang.String, java.lang.String, java.lang.String, java.lang.String)[pri:0, instance:com.rebtel.test.MobileTest@743d1932]" name="testRebtelAssignment" class="com.rebtel.test.MobileTest"/>
      </group> <!-- Smoke -->
    </groups>
    <test name="Nokia" duration-ms="101503" started-at="2018-10-20T14:51:38Z" finished-at="2018-10-20T14:53:19Z">
      <class name="com.rebtel.test.MobileTest">
        <test-method status="PASS" signature="prepareBeforeTest(org.testng.ITestContext)[pri:0, instance:com.rebtel.test.MobileTest@743d1932]" name="prepareBeforeTest" is-config="true" duration-ms="34406" started-at="2018-10-20T20:21:38Z" finished-at="2018-10-20T20:22:12Z">
          <params>
            <param index="0">
              <value>
                <![CDATA[org.testng.TestRunner@4c3e1ae8]]>
              </value>
            </param>
          </params>
          <reporter-output>
          </reporter-output>
        </test-method> <!-- prepareBeforeTest -->
        <test-method status="PASS" signature="testRebtelAssignment(java.lang.String, java.lang.String, java.lang.String, java.lang.String)[pri:0, instance:com.rebtel.test.MobileTest@743d1932]" name="testRebtelAssignment" duration-ms="35551" started-at="2018-10-20T20:22:12Z" data-provider="TestData" finished-at="2018-10-20T20:22:48Z">
          <params>
            <param index="0">
              <value>
                <![CDATA[TC_001_Verify_Successful_Login_in_Rebtel_App]]>
              </value>
            </param>
            <param index="1">
              <value>
                <![CDATA[Y]]>
              </value>
            </param>
            <param index="2">
              <value>
                <![CDATA[verifyUserLogin]]>
              </value>
            </param>
            <param index="3">
              <value>
                <![CDATA[N]]>
              </value>
            </param>
          </params>
          <reporter-output>
          </reporter-output>
        </test-method> <!-- testRebtelAssignment -->
        <test-method status="PASS" signature="testRebtelAssignment(java.lang.String, java.lang.String, java.lang.String, java.lang.String)[pri:0, instance:com.rebtel.test.MobileTest@743d1932]" name="testRebtelAssignment" duration-ms="31372" started-at="2018-10-20T20:22:48Z" data-provider="TestData" finished-at="2018-10-20T20:23:19Z">
          <params>
            <param index="0">
              <value>
                <![CDATA[TC_001_Verify_Successful_Calling ]]>
              </value>
            </param>
            <param index="1">
              <value>
                <![CDATA[Y]]>
              </value>
            </param>
            <param index="2">
              <value>
                <![CDATA[N]]>
              </value>
            </param>
            <param index="3">
              <value>
                <![CDATA[verifyCallingFunctionality]]>
              </value>
            </param>
          </params>
          <reporter-output>
          </reporter-output>
        </test-method> <!-- testRebtelAssignment -->
        <test-method status="PASS" signature="driverCleanUp()[pri:0, instance:com.rebtel.test.MobileTest@743d1932]" name="driverCleanUp" is-config="true" duration-ms="1158" started-at="2018-10-20T20:23:19Z" finished-at="2018-10-20T20:23:20Z">
          <reporter-output>
          </reporter-output>
        </test-method> <!-- driverCleanUp -->
      </class> <!-- com.rebtel.test.MobileTest -->
    </test> <!-- Nokia -->
  </suite> <!-- RebtelTestSuite -->
</testng-results>
