<?xml version="1.0" encoding="UTF-8"?>
<testng-results skipped="0" failed="0" total="2" passed="2">
  <reporter-output>
  </reporter-output>
  <suite name="RebtelTestSuite" duration-ms="133940" started-at="2018-10-20T08:47:26Z" finished-at="2018-10-20T08:49:40Z">
    <groups>
      <group name="Sanity">
        <method signature="MobileTest.testRebtelAssignment(java.lang.String, java.lang.String, java.lang.String, java.lang.String)[pri:0, instance:com.rebtel.test.MobileTest@2c0c6819]" name="testRebtelAssignment" class="com.rebtel.test.MobileTest"/>
      </group> <!-- Sanity -->
      <group name="Regression">
        <method signature="MobileTest.testRebtelAssignment(java.lang.String, java.lang.String, java.lang.String, java.lang.String)[pri:0, instance:com.rebtel.test.MobileTest@2c0c6819]" name="testRebtelAssignment" class="com.rebtel.test.MobileTest"/>
      </group> <!-- Regression -->
      <group name="Smoke">
        <method signature="MobileTest.testRebtelAssignment(java.lang.String, java.lang.String, java.lang.String, java.lang.String)[pri:0, instance:com.rebtel.test.MobileTest@2c0c6819]" name="testRebtelAssignment" class="com.rebtel.test.MobileTest"/>
      </group> <!-- Smoke -->
    </groups>
    <test name="Nokia" duration-ms="133940" started-at="2018-10-20T08:47:26Z" finished-at="2018-10-20T08:49:40Z">
      <class name="com.rebtel.test.MobileTest">
        <test-method status="PASS" signature="prepareBeforeTest(org.testng.ITestContext)[pri:0, instance:com.rebtel.test.MobileTest@2c0c6819]" name="prepareBeforeTest" is-config="true" duration-ms="54697" started-at="2018-10-20T14:17:26Z" finished-at="2018-10-20T14:18:21Z">
          <params>
            <param index="0">
              <value>
                <![CDATA[org.testng.TestRunner@3838b49b]]>
              </value>
            </param>
          </params>
          <reporter-output>
          </reporter-output>
        </test-method> <!-- prepareBeforeTest -->
        <test-method status="PASS" signature="testRebtelAssignment(java.lang.String, java.lang.String, java.lang.String, java.lang.String)[pri:0, instance:com.rebtel.test.MobileTest@2c0c6819]" name="testRebtelAssignment" duration-ms="44763" started-at="2018-10-20T14:18:21Z" data-provider="TestData" finished-at="2018-10-20T14:19:06Z">
          <params>
            <param index="0">
              <value>
                <![CDATA[TC_001_Verify_Successful_Login_in_Rebtel_App]]>
              </value>
            </param>
            <param index="1">
              <value>
                <![CDATA[Y]]>
              </value>
            </param>
            <param index="2">
              <value>
                <![CDATA[verifyUserLogin]]>
              </value>
            </param>
            <param index="3">
              <value>
                <![CDATA[N]]>
              </value>
            </param>
          </params>
          <reporter-output>
          </reporter-output>
        </test-method> <!-- testRebtelAssignment -->
        <test-method status="PASS" signature="testRebtelAssignment(java.lang.String, java.lang.String, java.lang.String, java.lang.String)[pri:0, instance:com.rebtel.test.MobileTest@2c0c6819]" name="testRebtelAssignment" duration-ms="34328" started-at="2018-10-20T14:19:06Z" data-provider="TestData" finished-at="2018-10-20T14:19:40Z">
          <params>
            <param index="0">
              <value>
                <![CDATA[TC_001_Verify_Successful_Calling ]]>
              </value>
            </param>
            <param index="1">
              <value>
                <![CDATA[Y]]>
              </value>
            </param>
            <param index="2">
              <value>
                <![CDATA[N]]>
              </value>
            </param>
            <param index="3">
              <value>
                <![CDATA[verifyCallingFunctionality]]>
              </value>
            </param>
          </params>
          <reporter-output>
          </reporter-output>
        </test-method> <!-- testRebtelAssignment -->
        <test-method status="PASS" signature="driverCleanUp()[pri:0, instance:com.rebtel.test.MobileTest@2c0c6819]" name="driverCleanUp" is-config="true" duration-ms="1696" started-at="2018-10-20T14:19:40Z" finished-at="2018-10-20T14:19:42Z">
          <reporter-output>
          </reporter-output>
        </test-method> <!-- driverCleanUp -->
      </class> <!-- com.rebtel.test.MobileTest -->
    </test> <!-- Nokia -->
  </suite> <!-- RebtelTestSuite -->
</testng-results>
